# JRE version: Java(TM) SE Runtime Environment 18.9 (11.0.7+8) (build 11.0.7+8-LTS)
# Java VM: Java HotSpot(TM) 64-Bit Server VM 18.9 (11.0.7+8-LTS, mixed mode, tiered, compressed oops, g1 gc, windows-amd64)
Heap:
 garbage-first heap   total 236544K, used 163232K [0x0000000082800000, 0x0000000100000000)
  region size 1024K, 125 young (128000K), 10 survivors (10240K)
 Metaspace       used 73834K, capacity 75900K, committed 76068K, reserved 1114112K
  class space    used 9630K, capacity 10441K, committed 10572K, reserved 1048576K
GC Heap History (10 events):
Event: 2.589 GC heap after
{Heap after GC invocations=12 (full 0):
 garbage-first heap   total 187392K, used 30870K [0x0000000082800000, 0x0000000100000000)
  region size 1024K, 8 young (8192K), 8 survivors (8192K)
 Metaspace       used 36449K, capacity 37703K, committed 37888K, reserved 1081344K
  class space    used 4617K, capacity 5117K, committed 5120K, reserved 1048576K
}
Event: 3.069 GC heap before
{Heap before GC invocations=12 (full 0):
 garbage-first heap   total 187392K, used 135318K [0x0000000082800000, 0x0000000100000000)
  region size 1024K, 109 young (111616K), 8 survivors (8192K)
 Metaspace       used 43981K, capacity 45352K, committed 45568K, reserved 1089536K
  class space    used 5492K, capacity 6041K, committed 6144K, reserved 1048576K
}
Event: 3.076 GC heap after
{Heap after GC invocations=13 (full 0):
 garbage-first heap   total 187392K, used 35742K [0x0000000082800000, 0x0000000100000000)
  region size 1024K, 10 young (10240K), 10 survivors (10240K)
 Metaspace       used 43981K, capacity 45352K, committed 45568K, reserved 1089536K
  class space    used 5492K, capacity 6041K, committed 6144K, reserved 1048576K
}
Event: 3.442 GC heap before
{Heap before GC invocations=13 (full 0):
 garbage-first heap   total 187392K, used 136094K [0x0000000082800000, 0x0000000100000000)
  region size 1024K, 109 young (111616K), 10 survivors (10240K)
 Metaspace       used 55210K, capacity 56763K, committed 57088K, reserved 1099776K
  class space    used 6967K, capacity 7581K, committed 7680K, reserved 1048576K
}
Event: 3.451 GC heap after
{Heap after GC invocations=14 (full 0):
 garbage-first heap   total 187392K, used 40826K [0x0000000082800000, 0x0000000100000000)
  region size 1024K, 10 young (10240K), 10 survivors (10240K)
 Metaspace       used 55210K, capacity 56763K, committed 57088K, reserved 1099776K
  class space    used 6967K, capacity 7581K, committed 7680K, reserved 1048576K
}
Event: 3.599 GC heap before
{Heap before GC invocations=14 (full 0):
 garbage-first heap   total 187392K, used 83834K [0x0000000082800000, 0x0000000100000000)
  region size 1024K, 53 young (54272K), 10 survivors (10240K)
 Metaspace       used 58811K, capacity 60329K, committed 60376K, reserved 1101824K
  class space    used 7567K, capacity 8186K, committed 8192K, reserved 1048576K
}
Event: 3.611 GC heap after
{Heap after GC invocations=15 (full 0):
 garbage-first heap   total 187392K, used 42405K [0x0000000082800000, 0x0000000100000000)
  region size 1024K, 7 young (7168K), 7 survivors (7168K)
 Metaspace       used 58811K, capacity 60329K, committed 60376K, reserved 1101824K
  class space    used 7567K, capacity 8186K, committed 8192K, reserved 1048576K
}
Event: 4.232 GC heap before
{Heap before GC invocations=16 (full 0):
 garbage-first heap   total 187392K, used 139685K [0x0000000082800000, 0x0000000100000000)
  region size 1024K, 103 young (105472K), 7 survivors (7168K)
 Metaspace       used 66413K, capacity 68235K, committed 68260K, reserved 1107968K
  class space    used 8694K, capacity 9413K, committed 9420K, reserved 1048576K
}
Event: 4.241 GC heap after
{Heap after GC invocations=17 (full 0):
 garbage-first heap   total 236544K, used 45646K [0x0000000082800000, 0x0000000100000000)
  region size 1024K, 10 young (10240K), 10 survivors (10240K)
 Metaspace       used 66413K, capacity 68235K, committed 68260K, reserved 1107968K
  class space    used 8694K, capacity 9413K, committed 9420K, reserved 1048576K
}
Event: 36.314 GC heap before
{Heap before GC invocations=18 (full 0):
 garbage-first heap   total 236544K, used 161358K [0x0000000082800000, 0x0000000100000000)
  region size 1024K, 125 young (128000K), 10 survivors (10240K)
 Metaspace       used 73834K, capacity 75900K, committed 76068K, reserved 1114112K
  class space    used 9630K, capacity 10441K, committed 10572K, reserved 1048576K
}

